<?xml version="1.0" encoding="UTF-8"?>
<testng-results ignored="0" total="1" passed="1" failed="0" skipped="0">
  <reporter-output>
  </reporter-output>
  <suite started-at="2022-10-31T10:04:56 GMT-07:00" name="Default suite" finished-at="2022-10-31T10:04:59 GMT-07:00" duration-ms="3204">
    <groups>
      <group name="dragAndDrop">
        <method signature="TestNGAnnotations.dragAndDrop()[pri:1, instance:TestCases.TestNGAnnotations@5e5d171f]" name="dragAndDrop" class="TestCases.TestNGAnnotations"/>
      </group> <!-- dragAndDrop -->
    </groups>
    <test started-at="2022-10-31T10:04:56 GMT-07:00" name="Default test" finished-at="2022-10-31T10:04:59 GMT-07:00" duration-ms="3204">
      <class name="TestCases.TestNGAnnotations">
        <test-method is-config="true" signature="setup()[pri:0, instance:TestCases.TestNGAnnotations@5e5d171f]" started-at="2022-10-31T10:04:35 GMT-07:00" name="setup" finished-at="2022-10-31T10:04:56 GMT-07:00" duration-ms="20359" status="PASS">
          <reporter-output>
          </reporter-output>
        </test-method> <!-- setup -->
        <test-method is-config="true" signature="profileSetup()[pri:0, instance:TestCases.TestNGAnnotations@5e5d171f]" started-at="2022-10-31T10:04:56 GMT-07:00" name="profileSetup" finished-at="2022-10-31T10:04:56 GMT-07:00" duration-ms="126" status="PASS">
          <reporter-output>
          </reporter-output>
        </test-method> <!-- profileSetup -->
        <test-method is-config="true" signature="appSetup()[pri:0, instance:TestCases.TestNGAnnotations@5e5d171f]" started-at="2022-10-31T10:04:56 GMT-07:00" name="appSetup" finished-at="2022-10-31T10:04:57 GMT-07:00" duration-ms="1255" status="PASS">
          <reporter-output>
          </reporter-output>
        </test-method> <!-- appSetup -->
        <test-method signature="dragAndDrop()[pri:1, instance:TestCases.TestNGAnnotations@5e5d171f]" started-at="2022-10-31T10:04:57 GMT-07:00" name="dragAndDrop" description="This test validates the drag and drop action on webpage" finished-at="2022-10-31T10:04:57 GMT-07:00" duration-ms="443" status="PASS">
          <reporter-output>
          </reporter-output>
        </test-method> <!-- dragAndDrop -->
        <test-method is-config="true" signature="takeScreenshot()[pri:0, instance:TestCases.TestNGAnnotations@5e5d171f]" started-at="2022-10-31T10:04:57 GMT-07:00" name="takeScreenshot" finished-at="2022-10-31T10:04:58 GMT-07:00" duration-ms="223" status="PASS">
          <reporter-output>
          </reporter-output>
        </test-method> <!-- takeScreenshot -->
        <test-method is-config="true" signature="closeUp()[pri:0, instance:TestCases.TestNGAnnotations@5e5d171f]" started-at="2022-10-31T10:04:58 GMT-07:00" name="closeUp" finished-at="2022-10-31T10:04:59 GMT-07:00" duration-ms="1058" status="PASS">
          <reporter-output>
          </reporter-output>
        </test-method> <!-- closeUp -->
        <test-method is-config="true" signature="reportReady()[pri:0, instance:TestCases.TestNGAnnotations@5e5d171f]" started-at="2022-10-31T10:04:59 GMT-07:00" name="reportReady" finished-at="2022-10-31T10:04:59 GMT-07:00" duration-ms="0" status="PASS">
          <reporter-output>
          </reporter-output>
        </test-method> <!-- reportReady -->
        <test-method is-config="true" signature="cleanUp()[pri:0, instance:TestCases.TestNGAnnotations@5e5d171f]" started-at="2022-10-31T10:04:59 GMT-07:00" name="cleanUp" finished-at="2022-10-31T10:04:59 GMT-07:00" duration-ms="0" status="PASS">
          <reporter-output>
          </reporter-output>
        </test-method> <!-- cleanUp -->
      </class> <!-- TestCases.TestNGAnnotations -->
    </test> <!-- Default test -->
  </suite> <!-- Default suite -->
</testng-results>
